<?xml version="1.0" encoding="UTF-8"?>
<coverage generated="1773403080116" clover="3.2.0">
  <project timestamp="1773403080116" name="All files">
    <metrics statements="144" coveredstatements="98" conditionals="44" coveredconditionals="13" methods="52" coveredmethods="41" elements="240" coveredelements="152" complexity="0" loc="144" ncloc="144" packages="7" files="20" classes="20"/>
    <package name="features.pokemon-favourite">
      <metrics statements="0" coveredstatements="0" conditionals="0" coveredconditionals="0" methods="0" coveredmethods="0"/>
      <file name="indexs.ts" path="C:\Users\Usuario\Desktop\Practicas\PokeApiPokedex\src\features\pokemon-favourite\indexs.ts">
        <metrics statements="0" coveredstatements="0" conditionals="0" coveredconditionals="0" methods="0" coveredmethods="0"/>
      </file>
    </package>
    <package name="features.pokemon-list.hooks">
      <metrics statements="21" coveredstatements="20" conditionals="9" coveredconditionals="7" methods="4" coveredmethods="4"/>
      <file name="usePokemonList.ts" path="C:\Users\Usuario\Desktop\Practicas\PokeApiPokedex\src\features\pokemon-list\hooks\usePokemonList.ts">
        <metrics statements="21" coveredstatements="20" conditionals="9" coveredconditionals="7" methods="4" coveredmethods="4"/>
        <line num="6" count="15" type="stmt"/>
        <line num="8" count="15" type="stmt"/>
        <line num="9" count="5" type="stmt"/>
        <line num="10" count="5" type="stmt"/>
        <line num="11" count="5" type="stmt"/>
        <line num="12" count="5" type="stmt"/>
        <line num="13" count="3" type="stmt"/>
        <line num="15" count="2" type="cond" truecount="2" falsecount="0"/>
        <line num="17" count="5" type="stmt"/>
        <line num="21" count="15" type="stmt"/>
        <line num="22" count="4" type="cond" truecount="5" falsecount="0"/>
        <line num="23" count="1" type="stmt"/>
        <line num="24" count="1" type="stmt"/>
        <line num="25" count="1" type="stmt"/>
        <line num="26" count="1" type="stmt"/>
        <line num="29" count="1" type="stmt"/>
        <line num="31" count="0" type="cond" truecount="0" falsecount="2"/>
        <line num="33" count="1" type="stmt"/>
        <line num="37" count="15" type="stmt"/>
        <line num="38" count="1" type="stmt"/>
        <line num="41" count="15" type="stmt"/>
      </file>
    </package>
    <package name="features.pokemon-list.repository">
      <metrics statements="14" coveredstatements="14" conditionals="0" coveredconditionals="0" methods="4" coveredmethods="4"/>
      <file name="pokemonListRepository.ts" path="C:\Users\Usuario\Desktop\Practicas\PokeApiPokedex\src\features\pokemon-list\repository\pokemonListRepository.ts">
        <metrics statements="14" coveredstatements="14" conditionals="0" coveredconditionals="0" methods="4" coveredmethods="4"/>
        <line num="6" count="1" type="stmt"/>
        <line num="16" count="8" type="stmt"/>
        <line num="18" count="8" type="stmt"/>
        <line num="19" count="9" type="stmt"/>
        <line num="21" count="9" type="stmt"/>
        <line num="24" count="24" type="stmt"/>
        <line num="25" count="23" type="stmt"/>
        <line num="30" count="24" type="stmt"/>
        <line num="37" count="8" type="stmt"/>
        <line num="40" count="7" type="stmt"/>
        <line num="43" count="1" type="stmt"/>
        <line num="45" count="9" type="stmt"/>
        <line num="46" count="8" type="stmt"/>
        <line num="48" count="7" type="stmt"/>
      </file>
    </package>
    <package name="features.pokemon-list.store">
      <metrics statements="19" coveredstatements="19" conditionals="0" coveredconditionals="0" methods="13" coveredmethods="13"/>
      <file name="pokemonListStore.ts" path="C:\Users\Usuario\Desktop\Practicas\PokeApiPokedex\src\features\pokemon-list\store\pokemonListStore.ts">
        <metrics statements="19" coveredstatements="19" conditionals="0" coveredconditionals="0" methods="13" coveredmethods="13"/>
        <line num="34" count="3" type="stmt"/>
        <line num="36" count="3" type="stmt"/>
        <line num="38" count="3" type="stmt"/>
        <line num="47" count="7" type="stmt"/>
        <line num="48" count="7" type="stmt"/>
        <line num="49" count="7" type="stmt"/>
        <line num="50" count="7" type="stmt"/>
        <line num="55" count="3" type="stmt"/>
        <line num="56" count="3" type="stmt"/>
        <line num="57" count="3" type="stmt"/>
        <line num="58" count="3" type="stmt"/>
        <line num="63" count="12" type="stmt"/>
        <line num="64" count="12" type="stmt"/>
        <line num="69" count="4" type="stmt"/>
        <line num="70" count="4" type="stmt"/>
        <line num="75" count="10" type="stmt"/>
        <line num="76" count="10" type="stmt"/>
        <line num="81" count="1" type="stmt"/>
        <line num="82" count="1" type="stmt"/>
      </file>
    </package>
    <package name="shared.api">
      <metrics statements="52" coveredstatements="45" conditionals="14" coveredconditionals="6" methods="23" coveredmethods="20"/>
      <file name="PokemonService.ts" path="C:\Users\Usuario\Desktop\Practicas\PokeApiPokedex\src\shared\api\PokemonService.ts">
        <metrics statements="17" coveredstatements="17" conditionals="2" coveredconditionals="2" methods="5" coveredmethods="5"/>
        <line num="13" count="3" type="stmt"/>
        <line num="14" count="3" type="stmt"/>
        <line num="17" count="2" type="stmt"/>
        <line num="20" count="1" type="stmt"/>
        <line num="21" count="1" type="stmt"/>
        <line num="27" count="3" type="stmt"/>
        <line num="28" count="3" type="stmt"/>
        <line num="29" count="2" type="stmt"/>
        <line num="31" count="1" type="stmt"/>
        <line num="32" count="1" type="stmt"/>
        <line num="41" count="2" type="stmt"/>
        <line num="42" count="2" type="stmt"/>
        <line num="45" count="1" type="stmt"/>
        <line num="47" count="1" type="stmt"/>
        <line num="48" count="1" type="stmt"/>
        <line num="55" count="23" type="stmt"/>
        <line num="56" count="3" type="stmt"/>
      </file>
      <file name="Types.ts" path="C:\Users\Usuario\Desktop\Practicas\PokeApiPokedex\src\shared\api\Types.ts">
        <metrics statements="2" coveredstatements="1" conditionals="0" coveredconditionals="0" methods="1" coveredmethods="0"/>
        <line num="18" count="1" type="stmt"/>
        <line num="113" count="0" type="stmt"/>
      </file>
      <file name="apiString.ts" path="C:\Users\Usuario\Desktop\Practicas\PokeApiPokedex\src\shared\api\apiString.ts">
        <metrics statements="2" coveredstatements="2" conditionals="0" coveredconditionals="0" methods="1" coveredmethods="1"/>
        <line num="4" count="3" type="stmt"/>
        <line num="7" count="4" type="stmt"/>
      </file>
      <file name="client.ts" path="C:\Users\Usuario\Desktop\Practicas\PokeApiPokedex\src\shared\api\client.ts">
        <metrics statements="18" coveredstatements="12" conditionals="6" coveredconditionals="0" methods="6" coveredmethods="4"/>
        <line num="8" count="1" type="stmt"/>
        <line num="9" count="1" type="stmt"/>
        <line num="15" count="2" type="stmt"/>
        <line num="16" count="2" type="stmt"/>
        <line num="24" count="4" type="stmt"/>
        <line num="25" count="4" type="stmt"/>
        <line num="26" count="4" type="stmt"/>
        <line num="40" count="3" type="stmt"/>
        <line num="43" count="3" type="stmt"/>
        <line num="54" count="3" type="stmt"/>
        <line num="55" count="0" type="stmt"/>
        <line num="58" count="0" type="cond" truecount="0" falsecount="2"/>
        <line num="59" count="0" type="stmt"/>
        <line num="63" count="0" type="cond" truecount="0" falsecount="2"/>
        <line num="64" count="0" type="stmt"/>
        <line num="68" count="0" type="stmt"/>
        <line num="78" count="3" type="stmt"/>
        <line num="82" count="3" type="stmt"/>
      </file>
      <file name="pokemonDetailService.ts" path="C:\Users\Usuario\Desktop\Practicas\PokeApiPokedex\src\shared\api\pokemonDetailService.ts">
        <metrics statements="13" coveredstatements="13" conditionals="6" coveredconditionals="4" methods="10" coveredmethods="10"/>
        <line num="9" count="18" type="stmt"/>
        <line num="18" count="18" type="stmt"/>
        <line num="27" count="9" type="stmt"/>
        <line num="37" count="9" type="stmt"/>
        <line num="39" count="270" type="stmt"/>
        <line num="40" count="270" type="stmt"/>
        <line num="50" count="9" type="stmt"/>
        <line num="56" count="9" type="stmt"/>
        <line num="67" count="3" type="stmt"/>
        <line num="68" count="3" type="stmt"/>
        <line num="69" count="2" type="stmt"/>
        <line num="71" count="1" type="stmt"/>
        <line num="72" count="1" type="stmt"/>
      </file>
    </package>
    <package name="shared.ui.components">
      <metrics statements="24" coveredstatements="0" conditionals="21" coveredconditionals="0" methods="7" coveredmethods="0"/>
      <file name="Card.tsx" path="C:\Users\Usuario\Desktop\Practicas\PokeApiPokedex\src\shared\ui\components\Card.tsx">
        <metrics statements="1" coveredstatements="0" conditionals="0" coveredconditionals="0" methods="0" coveredmethods="0"/>
        <line num="4" count="0" type="stmt"/>
      </file>
      <file name="Chip.tsx" path="C:\Users\Usuario\Desktop\Practicas\PokeApiPokedex\src\shared\ui\components\Chip.tsx">
        <metrics statements="3" coveredstatements="0" conditionals="8" coveredconditionals="0" methods="1" coveredmethods="0"/>
        <line num="3" count="0" type="stmt"/>
        <line num="53" count="0" type="stmt"/>
        <line num="87" count="0" type="stmt"/>
      </file>
      <file name="ErrorMessage.tsx" path="C:\Users\Usuario\Desktop\Practicas\PokeApiPokedex\src\shared\ui\components\ErrorMessage.tsx">
        <metrics statements="3" coveredstatements="0" conditionals="4" coveredconditionals="0" methods="1" coveredmethods="0"/>
        <line num="10" count="0" type="stmt"/>
        <line num="34" count="0" type="stmt"/>
        <line num="36" count="0" type="stmt"/>
      </file>
      <file name="LoadingSpinner.tsx" path="C:\Users\Usuario\Desktop\Practicas\PokeApiPokedex\src\shared\ui\components\LoadingSpinner.tsx">
        <metrics statements="9" coveredstatements="0" conditionals="6" coveredconditionals="0" methods="3" coveredmethods="0"/>
        <line num="6" count="0" type="stmt"/>
        <line num="30" count="0" type="stmt"/>
        <line num="31" count="0" type="stmt"/>
        <line num="33" count="0" type="stmt"/>
        <line num="34" count="0" type="stmt"/>
        <line num="42" count="0" type="stmt"/>
        <line num="43" count="0" type="stmt"/>
        <line num="46" count="0" type="stmt"/>
        <line num="51" count="0" type="stmt"/>
      </file>
      <file name="SearchInput.tsx" path="C:\Users\Usuario\Desktop\Practicas\PokeApiPokedex\src\shared\ui\components\SearchInput.tsx">
        <metrics statements="7" coveredstatements="0" conditionals="3" coveredconditionals="0" methods="2" coveredmethods="0"/>
        <line num="11" count="0" type="stmt"/>
        <line num="26" count="0" type="stmt"/>
        <line num="48" count="0" type="stmt"/>
        <line num="49" count="0" type="stmt"/>
        <line num="51" count="0" type="stmt"/>
        <line num="52" count="0" type="stmt"/>
        <line num="55" count="0" type="stmt"/>
      </file>
      <file name="button.tsx" path="C:\Users\Usuario\Desktop\Practicas\PokeApiPokedex\src\shared\ui\components\button.tsx">
        <metrics statements="1" coveredstatements="0" conditionals="0" coveredconditionals="0" methods="0" coveredmethods="0"/>
        <line num="5" count="0" type="stmt"/>
      </file>
    </package>
    <package name="shared.ui.tokens">
      <metrics statements="14" coveredstatements="0" conditionals="0" coveredconditionals="0" methods="1" coveredmethods="0"/>
      <file name="colors.ts" path="C:\Users\Usuario\Desktop\Practicas\PokeApiPokedex\src\shared\ui\tokens\colors.ts">
        <metrics statements="7" coveredstatements="0" conditionals="0" coveredconditionals="0" methods="1" coveredmethods="0"/>
        <line num="2" count="0" type="stmt"/>
        <line num="14" count="0" type="stmt"/>
        <line num="38" count="0" type="stmt"/>
        <line num="56" count="0" type="stmt"/>
        <line num="75" count="0" type="stmt"/>
        <line num="92" count="0" type="stmt"/>
        <line num="95" count="0" type="stmt"/>
      </file>
      <file name="radius.ts" path="C:\Users\Usuario\Desktop\Practicas\PokeApiPokedex\src\shared\ui\tokens\radius.ts">
        <metrics statements="1" coveredstatements="0" conditionals="0" coveredconditionals="0" methods="0" coveredmethods="0"/>
        <line num="2" count="0" type="stmt"/>
      </file>
      <file name="sizes.ts" path="C:\Users\Usuario\Desktop\Practicas\PokeApiPokedex\src\shared\ui\tokens\sizes.ts">
        <metrics statements="1" coveredstatements="0" conditionals="0" coveredconditionals="0" methods="0" coveredmethods="0"/>
        <line num="2" count="0" type="stmt"/>
      </file>
      <file name="spacing.ts" path="C:\Users\Usuario\Desktop\Practicas\PokeApiPokedex\src\shared\ui\tokens\spacing.ts">
        <metrics statements="1" coveredstatements="0" conditionals="0" coveredconditionals="0" methods="0" coveredmethods="0"/>
        <line num="1" count="0" type="stmt"/>
      </file>
      <file name="typography.ts" path="C:\Users\Usuario\Desktop\Practicas\PokeApiPokedex\src\shared\ui\tokens\typography.ts">
        <metrics statements="4" coveredstatements="0" conditionals="0" coveredconditionals="0" methods="0" coveredmethods="0"/>
        <line num="3" count="0" type="stmt"/>
        <line num="13" count="0" type="stmt"/>
        <line num="23" count="0" type="stmt"/>
        <line num="31" count="0" type="stmt"/>
      </file>
    </package>
  </project>
</coverage>
