{"C:\\Users\\Usuario\\Desktop\\Practicas\\PokeApiPokedex\\src\\features\\pokemon-favourite\\indexs.ts": {"path":"C:\\Users\\Usuario\\Desktop\\Practicas\\PokeApiPokedex\\src\\features\\pokemon-favourite\\indexs.ts","statementMap":{},"fnMap":{},"branchMap":{},"s":{},"f":{},"b":{}}
,"C:\\Users\\Usuario\\Desktop\\Practicas\\PokeApiPokedex\\src\\features\\pokemon-list\\hooks\\usePokemonList.ts": {"path":"C:\\Users\\Usuario\\Desktop\\Practicas\\PokeApiPokedex\\src\\features\\pokemon-list\\hooks\\usePokemonList.ts","statementMap":{"0":{"start":{"line":6,"column":16},"end":{"line":6,"column":37}},"1":{"start":{"line":8,"column":27},"end":{"line":19,"column":13}},"2":{"start":{"line":9,"column":4},"end":{"line":9,"column":27}},"3":{"start":{"line":10,"column":4},"end":{"line":10,"column":25}},"4":{"start":{"line":11,"column":4},"end":{"line":18,"column":5}},"5":{"start":{"line":12,"column":33},"end":{"line":12,"column":71}},"6":{"start":{"line":13,"column":6},"end":{"line":13,"column":36}},"7":{"start":{"line":15,"column":6},"end":{"line":15,"column":78}},"8":{"start":{"line":17,"column":6},"end":{"line":17,"column":30}},"9":{"start":{"line":21,"column":24},"end":{"line":35,"column":13}},"10":{"start":{"line":22,"column":4},"end":{"line":22,"column":73}},"11":{"start":{"line":22,"column":66},"end":{"line":22,"column":73}},"12":{"start":{"line":23,"column":4},"end":{"line":23,"column":31}},"13":{"start":{"line":24,"column":4},"end":{"line":24,"column":25}},"14":{"start":{"line":25,"column":4},"end":{"line":34,"column":5}},"15":{"start":{"line":26,"column":33},"end":{"line":28,"column":7}},"16":{"start":{"line":29,"column":6},"end":{"line":29,"column":39}},"17":{"start":{"line":31,"column":6},"end":{"line":31,"column":78}},"18":{"start":{"line":33,"column":6},"end":{"line":33,"column":34}},"19":{"start":{"line":37,"column":22},"end":{"line":39,"column":24}},"20":{"start":{"line":38,"column":4},"end":{"line":38,"column":29}},"21":{"start":{"line":41,"column":2},"end":{"line":46,"column":4}}},"fnMap":{"0":{"name":"usePokemonList","decl":{"start":{"line":5,"column":16},"end":{"line":5,"column":30}},"loc":{"start":{"line":5,"column":33},"end":{"line":47,"column":1}},"line":5},"1":{"name":"(anonymous_1)","decl":{"start":{"line":8,"column":39},"end":{"line":8,"column":40}},"loc":{"start":{"line":8,"column":51},"end":{"line":19,"column":3}},"line":8},"2":{"name":"(anonymous_2)","decl":{"start":{"line":21,"column":36},"end":{"line":21,"column":37}},"loc":{"start":{"line":21,"column":48},"end":{"line":35,"column":3}},"line":21},"3":{"name":"(anonymous_3)","decl":{"start":{"line":37,"column":34},"end":{"line":37,"column":35}},"loc":{"start":{"line":37,"column":46},"end":{"line":39,"column":3}},"line":37}},"branchMap":{"0":{"loc":{"start":{"line":15,"column":21},"end":{"line":15,"column":76}},"type":"cond-expr","locations":[{"start":{"line":15,"column":42},"end":{"line":15,"column":51}},{"start":{"line":15,"column":54},"end":{"line":15,"column":76}}],"line":15},"1":{"loc":{"start":{"line":22,"column":4},"end":{"line":22,"column":73}},"type":"if","locations":[{"start":{"line":22,"column":4},"end":{"line":22,"column":73}},{"start":{},"end":{}}],"line":22},"2":{"loc":{"start":{"line":22,"column":8},"end":{"line":22,"column":64}},"type":"binary-expr","locations":[{"start":{"line":22,"column":8},"end":{"line":22,"column":23}},{"start":{"line":22,"column":27},"end":{"line":22,"column":46}},{"start":{"line":22,"column":50},"end":{"line":22,"column":64}}],"line":22},"3":{"loc":{"start":{"line":31,"column":21},"end":{"line":31,"column":76}},"type":"cond-expr","locations":[{"start":{"line":31,"column":42},"end":{"line":31,"column":51}},{"start":{"line":31,"column":54},"end":{"line":31,"column":76}}],"line":31}},"s":{"0":15,"1":15,"2":5,"3":5,"4":5,"5":5,"6":3,"7":2,"8":5,"9":15,"10":4,"11":3,"12":1,"13":1,"14":1,"15":1,"16":1,"17":0,"18":1,"19":15,"20":1,"21":15},"f":{"0":15,"1":5,"2":4,"3":1},"b":{"0":[1,1],"1":[3,1],"2":[4,3,2],"3":[0,0]},"_coverageSchema":"1a1c01bbd47fc00a2c39e90264f33305004495a9","hash":"e5854300be0ef907756ddc04da212349a2ee7ad9"}
,"C:\\Users\\Usuario\\Desktop\\Practicas\\PokeApiPokedex\\src\\features\\pokemon-list\\repository\\pokemonListRepository.ts": {"path":"C:\\Users\\Usuario\\Desktop\\Practicas\\PokeApiPokedex\\src\\features\\pokemon-list\\repository\\pokemonListRepository.ts","statementMap":{"0":{"start":{"line":6,"column":39},"end":{"line":6,"column":40}},"1":{"start":{"line":16,"column":35},"end":{"line":16,"column":37}},"2":{"start":{"line":18,"column":2},"end":{"line":38,"column":3}},"3":{"start":{"line":18,"column":15},"end":{"line":18,"column":16}},"4":{"start":{"line":19,"column":18},"end":{"line":19,"column":70}},"5":{"start":{"line":21,"column":23},"end":{"line":35,"column":5}},"6":{"start":{"line":24,"column":26},"end":{"line":24,"column":56}},"7":{"start":{"line":25,"column":10},"end":{"line":32,"column":12}},"8":{"start":{"line":30,"column":21},"end":{"line":30,"column":51}},"9":{"start":{"line":37,"column":4},"end":{"line":37,"column":30}},"10":{"start":{"line":40,"column":2},"end":{"line":40,"column":15}},"11":{"start":{"line":43,"column":37},"end":{"line":50,"column":1}},"12":{"start":{"line":45,"column":21},"end":{"line":45,"column":60}},"13":{"start":{"line":46,"column":18},"end":{"line":46,"column":63}},"14":{"start":{"line":48,"column":4},"end":{"line":48,"column":54}}},"fnMap":{"0":{"name":"fetchPokemonListItems","decl":{"start":{"line":13,"column":15},"end":{"line":13,"column":36}},"loc":{"start":{"line":15,"column":30},"end":{"line":41,"column":1}},"line":15},"1":{"name":"(anonymous_1)","decl":{"start":{"line":23,"column":8},"end":{"line":23,"column":9}},"loc":{"start":{"line":23,"column":67},"end":{"line":33,"column":9}},"line":23},"2":{"name":"(anonymous_2)","decl":{"start":{"line":30,"column":14},"end":{"line":30,"column":15}},"loc":{"start":{"line":30,"column":21},"end":{"line":30,"column":51}},"line":30},"3":{"name":"(anonymous_3)","decl":{"start":{"line":44,"column":2},"end":{"line":44,"column":3}},"loc":{"start":{"line":44,"column":53},"end":{"line":49,"column":3}},"line":44}},"branchMap":{},"s":{"0":1,"1":8,"2":8,"3":8,"4":9,"5":9,"6":24,"7":23,"8":24,"9":8,"10":7,"11":1,"12":9,"13":8,"14":7},"f":{"0":8,"1":24,"2":24,"3":9},"b":{},"_coverageSchema":"1a1c01bbd47fc00a2c39e90264f33305004495a9","hash":"1c157c7877db8038b83a9973c4e05621b0bc5060"}
,"C:\\Users\\Usuario\\Desktop\\Practicas\\PokeApiPokedex\\src\\features\\pokemon-list\\store\\pokemonListStore.ts": {"path":"C:\\Users\\Usuario\\Desktop\\Practicas\\PokeApiPokedex\\src\\features\\pokemon-list\\store\\pokemonListStore.ts","statementMap":{"0":{"start":{"line":34,"column":25},"end":{"line":34,"column":27}},"1":{"start":{"line":36,"column":35},"end":{"line":88,"column":1}},"2":{"start":{"line":38,"column":20},"end":{"line":85,"column":5}},"3":{"start":{"line":47,"column":8},"end":{"line":51,"column":11}},"4":{"start":{"line":48,"column":10},"end":{"line":48,"column":29}},"5":{"start":{"line":49,"column":10},"end":{"line":49,"column":38}},"6":{"start":{"line":50,"column":10},"end":{"line":50,"column":34}},"7":{"start":{"line":55,"column":8},"end":{"line":59,"column":11}},"8":{"start":{"line":56,"column":10},"end":{"line":56,"column":36}},"9":{"start":{"line":57,"column":10},"end":{"line":57,"column":39}},"10":{"start":{"line":58,"column":10},"end":{"line":58,"column":34}},"11":{"start":{"line":63,"column":8},"end":{"line":65,"column":11}},"12":{"start":{"line":64,"column":10},"end":{"line":64,"column":34}},"13":{"start":{"line":69,"column":8},"end":{"line":71,"column":11}},"14":{"start":{"line":70,"column":10},"end":{"line":70,"column":38}},"15":{"start":{"line":75,"column":8},"end":{"line":77,"column":11}},"16":{"start":{"line":76,"column":10},"end":{"line":76,"column":32}},"17":{"start":{"line":81,"column":8},"end":{"line":83,"column":11}},"18":{"start":{"line":82,"column":10},"end":{"line":82,"column":29}}},"fnMap":{"0":{"name":"(anonymous_0)","decl":{"start":{"line":38,"column":10},"end":{"line":38,"column":11}},"loc":{"start":{"line":38,"column":20},"end":{"line":85,"column":5}},"line":38},"1":{"name":"(anonymous_1)","decl":{"start":{"line":46,"column":15},"end":{"line":46,"column":16}},"loc":{"start":{"line":46,"column":35},"end":{"line":52,"column":7}},"line":46},"2":{"name":"(anonymous_2)","decl":{"start":{"line":47,"column":12},"end":{"line":47,"column":13}},"loc":{"start":{"line":47,"column":23},"end":{"line":51,"column":9}},"line":47},"3":{"name":"(anonymous_3)","decl":{"start":{"line":54,"column":18},"end":{"line":54,"column":19}},"loc":{"start":{"line":54,"column":38},"end":{"line":60,"column":7}},"line":54},"4":{"name":"(anonymous_4)","decl":{"start":{"line":55,"column":12},"end":{"line":55,"column":13}},"loc":{"start":{"line":55,"column":23},"end":{"line":59,"column":9}},"line":55},"5":{"name":"(anonymous_5)","decl":{"start":{"line":62,"column":18},"end":{"line":62,"column":19}},"loc":{"start":{"line":62,"column":29},"end":{"line":66,"column":7}},"line":62},"6":{"name":"(anonymous_6)","decl":{"start":{"line":63,"column":12},"end":{"line":63,"column":13}},"loc":{"start":{"line":63,"column":23},"end":{"line":65,"column":9}},"line":63},"7":{"name":"(anonymous_7)","decl":{"start":{"line":68,"column":22},"end":{"line":68,"column":23}},"loc":{"start":{"line":68,"column":33},"end":{"line":72,"column":7}},"line":68},"8":{"name":"(anonymous_8)","decl":{"start":{"line":69,"column":12},"end":{"line":69,"column":13}},"loc":{"start":{"line":69,"column":23},"end":{"line":71,"column":9}},"line":69},"9":{"name":"(anonymous_9)","decl":{"start":{"line":74,"column":16},"end":{"line":74,"column":17}},"loc":{"start":{"line":74,"column":29},"end":{"line":78,"column":7}},"line":74},"10":{"name":"(anonymous_10)","decl":{"start":{"line":75,"column":12},"end":{"line":75,"column":13}},"loc":{"start":{"line":75,"column":23},"end":{"line":77,"column":9}},"line":75},"11":{"name":"(anonymous_11)","decl":{"start":{"line":80,"column":18},"end":{"line":80,"column":19}},"loc":{"start":{"line":80,"column":24},"end":{"line":84,"column":7}},"line":80},"12":{"name":"(anonymous_12)","decl":{"start":{"line":81,"column":12},"end":{"line":81,"column":13}},"loc":{"start":{"line":81,"column":23},"end":{"line":83,"column":9}},"line":81}},"branchMap":{},"s":{"0":3,"1":3,"2":3,"3":7,"4":7,"5":7,"6":7,"7":3,"8":3,"9":3,"10":3,"11":12,"12":12,"13":4,"14":4,"15":10,"16":10,"17":1,"18":1},"f":{"0":3,"1":7,"2":7,"3":3,"4":3,"5":12,"6":12,"7":4,"8":4,"9":10,"10":10,"11":1,"12":1},"b":{},"_coverageSchema":"1a1c01bbd47fc00a2c39e90264f33305004495a9","hash":"e9de3503cb39d9b1ace3402acdd41a678fcd9d17"}
,"C:\\Users\\Usuario\\Desktop\\Practicas\\PokeApiPokedex\\src\\shared\\api\\PokemonService.ts": {"path":"C:\\Users\\Usuario\\Desktop\\Practicas\\PokeApiPokedex\\src\\shared\\api\\PokemonService.ts","statementMap":{"0":{"start":{"line":13,"column":2},"end":{"line":22,"column":3}},"1":{"start":{"line":14,"column":17},"end":{"line":16,"column":6}},"2":{"start":{"line":17,"column":4},"end":{"line":17,"column":16}},"3":{"start":{"line":20,"column":4},"end":{"line":20,"column":56}},"4":{"start":{"line":21,"column":4},"end":{"line":21,"column":16}},"5":{"start":{"line":27,"column":2},"end":{"line":33,"column":3}},"6":{"start":{"line":28,"column":17},"end":{"line":28,"column":63}},"7":{"start":{"line":29,"column":4},"end":{"line":29,"column":16}},"8":{"start":{"line":31,"column":4},"end":{"line":31,"column":57}},"9":{"start":{"line":32,"column":4},"end":{"line":32,"column":16}},"10":{"start":{"line":41,"column":2},"end":{"line":49,"column":3}},"11":{"start":{"line":42,"column":17},"end":{"line":44,"column":5}},"12":{"start":{"line":45,"column":4},"end":{"line":45,"column":16}},"13":{"start":{"line":47,"column":4},"end":{"line":47,"column":71}},"14":{"start":{"line":48,"column":4},"end":{"line":48,"column":16}},"15":{"start":{"line":55,"column":16},"end":{"line":55,"column":54}},"16":{"start":{"line":55,"column":45},"end":{"line":55,"column":53}},"17":{"start":{"line":56,"column":2},"end":{"line":56,"column":47}}},"fnMap":{"0":{"name":"getPokemonList","decl":{"start":{"line":9,"column":22},"end":{"line":9,"column":36}},"loc":{"start":{"line":12,"column":32},"end":{"line":23,"column":1}},"line":12},"1":{"name":"getPokemonById","decl":{"start":{"line":26,"column":22},"end":{"line":26,"column":36}},"loc":{"start":{"line":26,"column":76},"end":{"line":34,"column":1}},"line":26},"2":{"name":"getPokemonByType","decl":{"start":{"line":38,"column":22},"end":{"line":38,"column":38}},"loc":{"start":{"line":40,"column":31},"end":{"line":50,"column":1}},"line":40},"3":{"name":"extractIdFromUrl","decl":{"start":{"line":54,"column":16},"end":{"line":54,"column":32}},"loc":{"start":{"line":54,"column":54},"end":{"line":57,"column":1}},"line":54},"4":{"name":"(anonymous_4)","decl":{"start":{"line":55,"column":38},"end":{"line":55,"column":39}},"loc":{"start":{"line":55,"column":45},"end":{"line":55,"column":53}},"line":55}},"branchMap":{"0":{"loc":{"start":{"line":10,"column":2},"end":{"line":10,"column":20}},"type":"default-arg","locations":[{"start":{"line":10,"column":19},"end":{"line":10,"column":20}}],"line":10},"1":{"loc":{"start":{"line":11,"column":2},"end":{"line":11,"column":20}},"type":"default-arg","locations":[{"start":{"line":11,"column":18},"end":{"line":11,"column":20}}],"line":11}},"s":{"0":3,"1":3,"2":2,"3":1,"4":1,"5":3,"6":3,"7":2,"8":1,"9":1,"10":2,"11":2,"12":1,"13":1,"14":1,"15":3,"16":23,"17":3},"f":{"0":3,"1":3,"2":2,"3":3,"4":23},"b":{"0":[2],"1":[2]},"_coverageSchema":"1a1c01bbd47fc00a2c39e90264f33305004495a9","hash":"083019266afba38e49edece661ee68f9098a0f8a"}
,"C:\\Users\\Usuario\\Desktop\\Practicas\\PokeApiPokedex\\src\\shared\\api\\Types.ts": {"path":"C:\\Users\\Usuario\\Desktop\\Practicas\\PokeApiPokedex\\src\\shared\\api\\Types.ts","statementMap":{"0":{"start":{"line":18,"column":34},"end":{"line":22,"column":10}},"1":{"start":{"line":113,"column":2},"end":{"line":113,"column":67}}},"fnMap":{"0":{"name":"isPokemonTypeName","decl":{"start":{"line":112,"column":16},"end":{"line":112,"column":33}},"loc":{"start":{"line":112,"column":75},"end":{"line":114,"column":1}},"line":112}},"branchMap":{},"s":{"0":1,"1":0},"f":{"0":0},"b":{},"_coverageSchema":"1a1c01bbd47fc00a2c39e90264f33305004495a9","hash":"5cd6115c2661238ac296cba314532cf3bb3f743e"}
,"C:\\Users\\Usuario\\Desktop\\Practicas\\PokeApiPokedex\\src\\shared\\api\\apiString.ts": {"path":"C:\\Users\\Usuario\\Desktop\\Practicas\\PokeApiPokedex\\src\\shared\\api\\apiString.ts","statementMap":{"0":{"start":{"line":4,"column":37},"end":{"line":4,"column":64}},"1":{"start":{"line":7,"column":4},"end":{"line":7,"column":25}}},"fnMap":{"0":{"name":"(anonymous_0)","decl":{"start":{"line":6,"column":2},"end":{"line":6,"column":3}},"loc":{"start":{"line":6,"column":30},"end":{"line":8,"column":3}},"line":6}},"branchMap":{},"s":{"0":3,"1":4},"f":{"0":4},"b":{},"_coverageSchema":"1a1c01bbd47fc00a2c39e90264f33305004495a9","hash":"5b234f3c53c9f258f8584d7449ce931ba650ca27"}
,"C:\\Users\\Usuario\\Desktop\\Practicas\\PokeApiPokedex\\src\\shared\\api\\client.ts": {"path":"C:\\Users\\Usuario\\Desktop\\Practicas\\PokeApiPokedex\\src\\shared\\api\\client.ts","statementMap":{"0":{"start":{"line":8,"column":4},"end":{"line":8,"column":53}},"1":{"start":{"line":9,"column":4},"end":{"line":9,"column":34}},"2":{"start":{"line":15,"column":4},"end":{"line":15,"column":57}},"3":{"start":{"line":16,"column":4},"end":{"line":16,"column":34}},"4":{"start":{"line":24,"column":4},"end":{"line":24,"column":53}},"5":{"start":{"line":25,"column":4},"end":{"line":25,"column":31}},"6":{"start":{"line":26,"column":4},"end":{"line":26,"column":33}},"7":{"start":{"line":40,"column":16},"end":{"line":40,"column":21}},"8":{"start":{"line":43,"column":17},"end":{"line":49,"column":4}},"9":{"start":{"line":54,"column":2},"end":{"line":75,"column":4}},"10":{"start":{"line":55,"column":33},"end":{"line":55,"column":46}},"11":{"start":{"line":58,"column":6},"end":{"line":60,"column":7}},"12":{"start":{"line":59,"column":8},"end":{"line":59,"column":53}},"13":{"start":{"line":63,"column":6},"end":{"line":65,"column":7}},"14":{"start":{"line":64,"column":8},"end":{"line":64,"column":53}},"15":{"start":{"line":68,"column":6},"end":{"line":73,"column":8}},"16":{"start":{"line":78,"column":2},"end":{"line":78,"column":40}},"17":{"start":{"line":82,"column":25},"end":{"line":82,"column":39}}},"fnMap":{"0":{"name":"(anonymous_0)","decl":{"start":{"line":7,"column":2},"end":{"line":7,"column":3}},"loc":{"start":{"line":7,"column":16},"end":{"line":10,"column":3}},"line":7},"1":{"name":"(anonymous_1)","decl":{"start":{"line":14,"column":2},"end":{"line":14,"column":3}},"loc":{"start":{"line":14,"column":16},"end":{"line":17,"column":3}},"line":14},"2":{"name":"(anonymous_2)","decl":{"start":{"line":23,"column":2},"end":{"line":23,"column":3}},"loc":{"start":{"line":23,"column":54},"end":{"line":27,"column":3}},"line":23},"3":{"name":"createClient","decl":{"start":{"line":42,"column":9},"end":{"line":42,"column":21}},"loc":{"start":{"line":42,"column":35},"end":{"line":79,"column":1}},"line":42},"4":{"name":"(anonymous_4)","decl":{"start":{"line":55,"column":4},"end":{"line":55,"column":5}},"loc":{"start":{"line":55,"column":33},"end":{"line":55,"column":46}},"line":55},"5":{"name":"(anonymous_5)","decl":{"start":{"line":56,"column":4},"end":{"line":56,"column":5}},"loc":{"start":{"line":56,"column":27},"end":{"line":74,"column":5}},"line":56}},"branchMap":{"0":{"loc":{"start":{"line":58,"column":6},"end":{"line":60,"column":7}},"type":"if","locations":[{"start":{"line":58,"column":6},"end":{"line":60,"column":7}},{"start":{},"end":{}}],"line":58},"1":{"loc":{"start":{"line":63,"column":6},"end":{"line":65,"column":7}},"type":"if","locations":[{"start":{"line":63,"column":6},"end":{"line":65,"column":7}},{"start":{},"end":{}}],"line":63},"2":{"loc":{"start":{"line":71,"column":10},"end":{"line":71,"column":54}},"type":"binary-expr","locations":[{"start":{"line":71,"column":10},"end":{"line":71,"column":35}},{"start":{"line":71,"column":39},"end":{"line":71,"column":54}}],"line":71}},"s":{"0":1,"1":1,"2":2,"3":2,"4":4,"5":4,"6":4,"7":3,"8":3,"9":3,"10":0,"11":0,"12":0,"13":0,"14":0,"15":0,"16":3,"17":3},"f":{"0":1,"1":2,"2":4,"3":3,"4":0,"5":0},"b":{"0":[0,0],"1":[0,0],"2":[0,0]},"_coverageSchema":"1a1c01bbd47fc00a2c39e90264f33305004495a9","hash":"97586ab473d35e4bc1a23f754d6afa4ec6243659"}
,"C:\\Users\\Usuario\\Desktop\\Practicas\\PokeApiPokedex\\src\\shared\\api\\pokemonDetailService.ts": {"path":"C:\\Users\\Usuario\\Desktop\\Practicas\\PokeApiPokedex\\src\\shared\\api\\pokemonDetailService.ts","statementMap":{"0":{"start":{"line":9,"column":2},"end":{"line":13,"column":6}},"1":{"start":{"line":9,"column":31},"end":{"line":13,"column":3}},"2":{"start":{"line":18,"column":2},"end":{"line":22,"column":6}},"3":{"start":{"line":18,"column":35},"end":{"line":22,"column":3}},"4":{"start":{"line":27,"column":2},"end":{"line":32,"column":4}},"5":{"start":{"line":37,"column":2},"end":{"line":45,"column":5}},"6":{"start":{"line":39,"column":19},"end":{"line":39,"column":78}},"7":{"start":{"line":40,"column":4},"end":{"line":44,"column":6}},"8":{"start":{"line":50,"column":2},"end":{"line":62,"column":4}},"9":{"start":{"line":56,"column":32},"end":{"line":56,"column":43}},"10":{"start":{"line":67,"column":2},"end":{"line":73,"column":3}},"11":{"start":{"line":68,"column":16},"end":{"line":68,"column":62}},"12":{"start":{"line":69,"column":4},"end":{"line":69,"column":35}},"13":{"start":{"line":71,"column":4},"end":{"line":71,"column":68}},"14":{"start":{"line":72,"column":4},"end":{"line":72,"column":16}}},"fnMap":{"0":{"name":"parseStats","decl":{"start":{"line":8,"column":9},"end":{"line":8,"column":19}},"loc":{"start":{"line":8,"column":48},"end":{"line":14,"column":1}},"line":8},"1":{"name":"(anonymous_1)","decl":{"start":{"line":9,"column":23},"end":{"line":9,"column":24}},"loc":{"start":{"line":9,"column":31},"end":{"line":13,"column":3}},"line":9},"2":{"name":"parseAbilities","decl":{"start":{"line":17,"column":9},"end":{"line":17,"column":23}},"loc":{"start":{"line":17,"column":55},"end":{"line":23,"column":1}},"line":17},"3":{"name":"(anonymous_3)","decl":{"start":{"line":18,"column":27},"end":{"line":18,"column":28}},"loc":{"start":{"line":18,"column":35},"end":{"line":22,"column":3}},"line":18},"4":{"name":"parseSprites","decl":{"start":{"line":26,"column":9},"end":{"line":26,"column":21}},"loc":{"start":{"line":26,"column":51},"end":{"line":33,"column":1}},"line":26},"5":{"name":"parseMoves","decl":{"start":{"line":36,"column":9},"end":{"line":36,"column":19}},"loc":{"start":{"line":36,"column":48},"end":{"line":46,"column":1}},"line":36},"6":{"name":"(anonymous_6)","decl":{"start":{"line":37,"column":36},"end":{"line":37,"column":37}},"loc":{"start":{"line":37,"column":43},"end":{"line":45,"column":3}},"line":37},"7":{"name":"parsePokemonDetail","decl":{"start":{"line":49,"column":9},"end":{"line":49,"column":27}},"loc":{"start":{"line":49,"column":57},"end":{"line":63,"column":1}},"line":49},"8":{"name":"(anonymous_8)","decl":{"start":{"line":56,"column":25},"end":{"line":56,"column":26}},"loc":{"start":{"line":56,"column":32},"end":{"line":56,"column":43}},"line":56},"9":{"name":"getPokemonDetail","decl":{"start":{"line":66,"column":22},"end":{"line":66,"column":38}},"loc":{"start":{"line":66,"column":84},"end":{"line":74,"column":1}},"line":66}},"branchMap":{"0":{"loc":{"start":{"line":42,"column":22},"end":{"line":42,"column":51}},"type":"binary-expr","locations":[{"start":{"line":42,"column":22},"end":{"line":42,"column":46}},{"start":{"line":42,"column":50},"end":{"line":42,"column":51}}],"line":42},"1":{"loc":{"start":{"line":43,"column":19},"end":{"line":43,"column":62}},"type":"binary-expr","locations":[{"start":{"line":43,"column":19},"end":{"line":43,"column":49}},{"start":{"line":43,"column":53},"end":{"line":43,"column":62}}],"line":43},"2":{"loc":{"start":{"line":55,"column":20},"end":{"line":55,"column":44}},"type":"binary-expr","locations":[{"start":{"line":55,"column":20},"end":{"line":55,"column":39}},{"start":{"line":55,"column":43},"end":{"line":55,"column":44}}],"line":55}},"s":{"0":9,"1":18,"2":9,"3":18,"4":9,"5":9,"6":270,"7":270,"8":9,"9":9,"10":3,"11":3,"12":2,"13":1,"14":1},"f":{"0":9,"1":18,"2":9,"3":18,"4":9,"5":9,"6":270,"7":9,"8":9,"9":3},"b":{"0":[270,0],"1":[270,0],"2":[9,1]},"_coverageSchema":"1a1c01bbd47fc00a2c39e90264f33305004495a9","hash":"a48536243936920a8616a84edc5e25ee2430f004"}
,"C:\\Users\\Usuario\\Desktop\\Practicas\\PokeApiPokedex\\src\\shared\\ui\\components\\Card.tsx": {"path":"C:\\Users\\Usuario\\Desktop\\Practicas\\PokeApiPokedex\\src\\shared\\ui\\components\\Card.tsx","statementMap":{"0":{"start":{"line":4,"column":20},"end":{"line":37,"column":2}}},"fnMap":{},"branchMap":{},"s":{"0":0},"f":{},"b":{}}
,"C:\\Users\\Usuario\\Desktop\\Practicas\\PokeApiPokedex\\src\\shared\\ui\\components\\Chip.tsx": {"path":"C:\\Users\\Usuario\\Desktop\\Practicas\\PokeApiPokedex\\src\\shared\\ui\\components\\Chip.tsx","statementMap":{"0":{"start":{"line":3,"column":22},"end":{"line":51,"column":2}},"1":{"start":{"line":53,"column":18},"end":{"line":66,"column":2}},"2":{"start":{"line":87,"column":2},"end":{"line":103,"column":4}}},"fnMap":{"0":{"name":"Chip","decl":{"start":{"line":78,"column":16},"end":{"line":78,"column":20}},"loc":{"start":{"line":86,"column":14},"end":{"line":104,"column":1}},"line":86}},"branchMap":{"0":{"loc":{"start":{"line":81,"column":2},"end":{"line":81,"column":30}},"type":"default-arg","locations":[{"start":{"line":81,"column":14},"end":{"line":81,"column":30}}],"line":81},"1":{"loc":{"start":{"line":82,"column":2},"end":{"line":82,"column":17}},"type":"default-arg","locations":[{"start":{"line":82,"column":13},"end":{"line":82,"column":17}}],"line":82},"2":{"loc":{"start":{"line":83,"column":2},"end":{"line":83,"column":20}},"type":"default-arg","locations":[{"start":{"line":83,"column":12},"end":{"line":83,"column":20}}],"line":83},"3":{"loc":{"start":{"line":84,"column":2},"end":{"line":84,"column":18}},"type":"default-arg","locations":[{"start":{"line":84,"column":13},"end":{"line":84,"column":18}}],"line":84},"4":{"loc":{"start":{"line":94,"column":23},"end":{"line":94,"column":68}},"type":"cond-expr","locations":[{"start":{"line":94,"column":46},"end":{"line":94,"column":51}},{"start":{"line":94,"column":54},"end":{"line":94,"column":68}}],"line":94},"5":{"loc":{"start":{"line":99,"column":44},"end":{"line":99,"column":84}},"type":"cond-expr","locations":[{"start":{"line":99,"column":67},"end":{"line":99,"column":76}},{"start":{"line":99,"column":79},"end":{"line":99,"column":84}}],"line":99}},"s":{"0":0,"1":0,"2":0},"f":{"0":0},"b":{"0":[0],"1":[0],"2":[0],"3":[0],"4":[0,0],"5":[0,0]}}
,"C:\\Users\\Usuario\\Desktop\\Practicas\\PokeApiPokedex\\src\\shared\\ui\\components\\ErrorMessage.tsx": {"path":"C:\\Users\\Usuario\\Desktop\\Practicas\\PokeApiPokedex\\src\\shared\\ui\\components\\ErrorMessage.tsx","statementMap":{"0":{"start":{"line":10,"column":23},"end":{"line":21,"column":2}},"1":{"start":{"line":34,"column":21},"end":{"line":34,"column":63}},"2":{"start":{"line":36,"column":2},"end":{"line":63,"column":4}}},"fnMap":{"0":{"name":"ErrorMessage","decl":{"start":{"line":29,"column":16},"end":{"line":29,"column":28}},"loc":{"start":{"line":33,"column":22},"end":{"line":64,"column":1}},"line":33}},"branchMap":{"0":{"loc":{"start":{"line":30,"column":2},"end":{"line":30,"column":53}},"type":"default-arg","locations":[{"start":{"line":30,"column":12},"end":{"line":30,"column":53}}],"line":30},"1":{"loc":{"start":{"line":32,"column":2},"end":{"line":32,"column":20}},"type":"default-arg","locations":[{"start":{"line":32,"column":15},"end":{"line":32,"column":20}}],"line":32},"2":{"loc":{"start":{"line":57,"column":7},"end":{"line":61,"column":7}},"type":"binary-expr","locations":[{"start":{"line":57,"column":7},"end":{"line":57,"column":14}},{"start":{"line":58,"column":8},"end":{"line":60,"column":17}}],"line":57}},"s":{"0":0,"1":0,"2":0},"f":{"0":0},"b":{"0":[0],"1":[0],"2":[0,0]}}
,"C:\\Users\\Usuario\\Desktop\\Practicas\\PokeApiPokedex\\src\\shared\\ui\\components\\LoadingSpinner.tsx": {"path":"C:\\Users\\Usuario\\Desktop\\Practicas\\PokeApiPokedex\\src\\shared\\ui\\components\\LoadingSpinner.tsx","statementMap":{"0":{"start":{"line":6,"column":18},"end":{"line":17,"column":2}},"1":{"start":{"line":30,"column":20},"end":{"line":30,"column":57}},"2":{"start":{"line":31,"column":20},"end":{"line":31,"column":64}},"3":{"start":{"line":33,"column":2},"end":{"line":44,"column":18}},"4":{"start":{"line":34,"column":22},"end":{"line":41,"column":5}},"5":{"start":{"line":42,"column":4},"end":{"line":42,"column":22}},"6":{"start":{"line":43,"column":4},"end":{"line":43,"column":34}},"7":{"start":{"line":43,"column":17},"end":{"line":43,"column":33}},"8":{"start":{"line":46,"column":15},"end":{"line":49,"column":4}},"9":{"start":{"line":51,"column":2},"end":{"line":66,"column":4}}},"fnMap":{"0":{"name":"LoadingSpinner","decl":{"start":{"line":25,"column":16},"end":{"line":25,"column":30}},"loc":{"start":{"line":29,"column":24},"end":{"line":67,"column":1}},"line":29},"1":{"name":"(anonymous_1)","decl":{"start":{"line":33,"column":12},"end":{"line":33,"column":13}},"loc":{"start":{"line":33,"column":18},"end":{"line":44,"column":3}},"line":33},"2":{"name":"(anonymous_2)","decl":{"start":{"line":43,"column":11},"end":{"line":43,"column":12}},"loc":{"start":{"line":43,"column":17},"end":{"line":43,"column":33}},"line":43}},"branchMap":{"0":{"loc":{"start":{"line":27,"column":2},"end":{"line":27,"column":11}},"type":"default-arg","locations":[{"start":{"line":27,"column":9},"end":{"line":27,"column":11}}],"line":27},"1":{"loc":{"start":{"line":28,"column":2},"end":{"line":28,"column":20}},"type":"default-arg","locations":[{"start":{"line":28,"column":15},"end":{"line":28,"column":20}}],"line":28},"2":{"loc":{"start":{"line":55,"column":26},"end":{"line":55,"column":46}},"type":"binary-expr","locations":[{"start":{"line":55,"column":26},"end":{"line":55,"column":33}},{"start":{"line":55,"column":37},"end":{"line":55,"column":46}}],"line":55},"3":{"loc":{"start":{"line":60,"column":7},"end":{"line":64,"column":7}},"type":"binary-expr","locations":[{"start":{"line":60,"column":7},"end":{"line":60,"column":14}},{"start":{"line":61,"column":8},"end":{"line":63,"column":15}}],"line":60}},"s":{"0":0,"1":0,"2":0,"3":0,"4":0,"5":0,"6":0,"7":0,"8":0,"9":0},"f":{"0":0,"1":0,"2":0},"b":{"0":[0],"1":[0],"2":[0,0],"3":[0,0]}}
,"C:\\Users\\Usuario\\Desktop\\Practicas\\PokeApiPokedex\\src\\shared\\ui\\components\\SearchInput.tsx": {"path":"C:\\Users\\Usuario\\Desktop\\Practicas\\PokeApiPokedex\\src\\shared\\ui\\components\\SearchInput.tsx","statementMap":{"0":{"start":{"line":11,"column":24},"end":{"line":24,"column":2}},"1":{"start":{"line":26,"column":20},"end":{"line":34,"column":2}},"2":{"start":{"line":48,"column":16},"end":{"line":48,"column":26}},"3":{"start":{"line":49,"column":20},"end":{"line":49,"column":70}},"4":{"start":{"line":51,"column":22},"end":{"line":53,"column":20}},"5":{"start":{"line":52,"column":4},"end":{"line":52,"column":21}},"6":{"start":{"line":55,"column":2},"end":{"line":80,"column":4}}},"fnMap":{"0":{"name":"SearchInput","decl":{"start":{"line":42,"column":16},"end":{"line":42,"column":27}},"loc":{"start":{"line":46,"column":21},"end":{"line":81,"column":1}},"line":46},"1":{"name":"(anonymous_1)","decl":{"start":{"line":51,"column":34},"end":{"line":51,"column":35}},"loc":{"start":{"line":51,"column":40},"end":{"line":53,"column":3}},"line":51}},"branchMap":{"0":{"loc":{"start":{"line":45,"column":2},"end":{"line":45,"column":35}},"type":"default-arg","locations":[{"start":{"line":45,"column":16},"end":{"line":45,"column":35}}],"line":45},"1":{"loc":{"start":{"line":67,"column":7},"end":{"line":78,"column":7}},"type":"binary-expr","locations":[{"start":{"line":67,"column":7},"end":{"line":67,"column":23}},{"start":{"line":68,"column":8},"end":{"line":77,"column":17}}],"line":67}},"s":{"0":0,"1":0,"2":0,"3":0,"4":0,"5":0,"6":0},"f":{"0":0,"1":0},"b":{"0":[0],"1":[0,0]}}
,"C:\\Users\\Usuario\\Desktop\\Practicas\\PokeApiPokedex\\src\\shared\\ui\\components\\button.tsx": {"path":"C:\\Users\\Usuario\\Desktop\\Practicas\\PokeApiPokedex\\src\\shared\\ui\\components\\button.tsx","statementMap":{"0":{"start":{"line":5,"column":22},"end":{"line":57,"column":2}}},"fnMap":{},"branchMap":{},"s":{"0":0},"f":{},"b":{}}
,"C:\\Users\\Usuario\\Desktop\\Practicas\\PokeApiPokedex\\src\\shared\\ui\\tokens\\colors.ts": {"path":"C:\\Users\\Usuario\\Desktop\\Practicas\\PokeApiPokedex\\src\\shared\\ui\\tokens\\colors.ts","statementMap":{"0":{"start":{"line":2,"column":29},"end":{"line":11,"column":10}},"1":{"start":{"line":14,"column":26},"end":{"line":33,"column":10}},"2":{"start":{"line":38,"column":27},"end":{"line":54,"column":10}},"3":{"start":{"line":56,"column":26},"end":{"line":72,"column":10}},"4":{"start":{"line":75,"column":28},"end":{"line":88,"column":10}},"5":{"start":{"line":92,"column":25},"end":{"line":100,"column":10}},"6":{"start":{"line":95,"column":51},"end":{"line":95,"column":102}}},"fnMap":{"0":{"name":"(anonymous_0)","decl":{"start":{"line":95,"column":35},"end":{"line":95,"column":36}},"loc":{"start":{"line":95,"column":51},"end":{"line":95,"column":102}},"line":95}},"branchMap":{},"s":{"0":0,"1":0,"2":0,"3":0,"4":0,"5":0,"6":0},"f":{"0":0},"b":{}}
,"C:\\Users\\Usuario\\Desktop\\Practicas\\PokeApiPokedex\\src\\shared\\ui\\tokens\\radius.ts": {"path":"C:\\Users\\Usuario\\Desktop\\Practicas\\PokeApiPokedex\\src\\shared\\ui\\tokens\\radius.ts","statementMap":{"0":{"start":{"line":2,"column":22},"end":{"line":9,"column":10}}},"fnMap":{},"branchMap":{},"s":{"0":0},"f":{},"b":{}}
,"C:\\Users\\Usuario\\Desktop\\Practicas\\PokeApiPokedex\\src\\shared\\ui\\tokens\\sizes.ts": {"path":"C:\\Users\\Usuario\\Desktop\\Practicas\\PokeApiPokedex\\src\\shared\\ui\\tokens\\sizes.ts","statementMap":{"0":{"start":{"line":2,"column":21},"end":{"line":40,"column":10}}},"fnMap":{},"branchMap":{},"s":{"0":0},"f":{},"b":{}}
,"C:\\Users\\Usuario\\Desktop\\Practicas\\PokeApiPokedex\\src\\shared\\ui\\tokens\\spacing.ts": {"path":"C:\\Users\\Usuario\\Desktop\\Practicas\\PokeApiPokedex\\src\\shared\\ui\\tokens\\spacing.ts","statementMap":{"0":{"start":{"line":1,"column":23},"end":{"line":9,"column":10}}},"fnMap":{},"branchMap":{},"s":{"0":0},"f":{},"b":{}}
,"C:\\Users\\Usuario\\Desktop\\Practicas\\PokeApiPokedex\\src\\shared\\ui\\tokens\\typography.ts": {"path":"C:\\Users\\Usuario\\Desktop\\Practicas\\PokeApiPokedex\\src\\shared\\ui\\tokens\\typography.ts","statementMap":{"0":{"start":{"line":3,"column":24},"end":{"line":10,"column":10}},"1":{"start":{"line":13,"column":26},"end":{"line":20,"column":10}},"2":{"start":{"line":23,"column":26},"end":{"line":28,"column":10}},"3":{"start":{"line":31,"column":26},"end":{"line":35,"column":10}}},"fnMap":{},"branchMap":{},"s":{"0":0,"1":0,"2":0,"3":0},"f":{},"b":{}}
}
