TN:
SF:src\features\pokemon-favourite\indexs.ts
FNF:0
FNH:0
LF:0
LH:0
BRF:0
BRH:0
end_of_record
TN:
SF:src\features\pokemon-list\hooks\usePokemonList.ts
FN:5,usePokemonList
FN:8,(anonymous_1)
FN:21,(anonymous_2)
FN:37,(anonymous_3)
FNF:4
FNH:4
FNDA:15,usePokemonList
FNDA:5,(anonymous_1)
FNDA:4,(anonymous_2)
FNDA:1,(anonymous_3)
DA:6,15
DA:8,15
DA:9,5
DA:10,5
DA:11,5
DA:12,5
DA:13,3
DA:15,2
DA:17,5
DA:21,15
DA:22,4
DA:23,1
DA:24,1
DA:25,1
DA:26,1
DA:29,1
DA:31,0
DA:33,1
DA:37,15
DA:38,1
DA:41,15
LF:21
LH:20
BRDA:15,0,0,1
BRDA:15,0,1,1
BRDA:22,1,0,3
BRDA:22,1,1,1
BRDA:22,2,0,4
BRDA:22,2,1,3
BRDA:22,2,2,2
BRDA:31,3,0,0
BRDA:31,3,1,0
BRF:9
BRH:7
end_of_record
TN:
SF:src\features\pokemon-list\repository\pokemonListRepository.ts
FN:13,fetchPokemonListItems
FN:23,(anonymous_1)
FN:30,(anonymous_2)
FN:44,(anonymous_3)
FNF:4
FNH:4
FNDA:8,fetchPokemonListItems
FNDA:24,(anonymous_1)
FNDA:24,(anonymous_2)
FNDA:9,(anonymous_3)
DA:6,1
DA:16,8
DA:18,8
DA:19,9
DA:21,9
DA:24,24
DA:25,23
DA:30,24
DA:37,8
DA:40,7
DA:43,1
DA:45,9
DA:46,8
DA:48,7
LF:14
LH:14
BRF:0
BRH:0
end_of_record
TN:
SF:src\features\pokemon-list\store\pokemonListStore.ts
FN:38,(anonymous_0)
FN:46,(anonymous_1)
FN:47,(anonymous_2)
FN:54,(anonymous_3)
FN:55,(anonymous_4)
FN:62,(anonymous_5)
FN:63,(anonymous_6)
FN:68,(anonymous_7)
FN:69,(anonymous_8)
FN:74,(anonymous_9)
FN:75,(anonymous_10)
FN:80,(anonymous_11)
FN:81,(anonymous_12)
FNF:13
FNH:13
FNDA:3,(anonymous_0)
FNDA:7,(anonymous_1)
FNDA:7,(anonymous_2)
FNDA:3,(anonymous_3)
FNDA:3,(anonymous_4)
FNDA:12,(anonymous_5)
FNDA:12,(anonymous_6)
FNDA:4,(anonymous_7)
FNDA:4,(anonymous_8)
FNDA:10,(anonymous_9)
FNDA:10,(anonymous_10)
FNDA:1,(anonymous_11)
FNDA:1,(anonymous_12)
DA:34,3
DA:36,3
DA:38,3
DA:47,7
DA:48,7
DA:49,7
DA:50,7
DA:55,3
DA:56,3
DA:57,3
DA:58,3
DA:63,12
DA:64,12
DA:69,4
DA:70,4
DA:75,10
DA:76,10
DA:81,1
DA:82,1
LF:19
LH:19
BRF:0
BRH:0
end_of_record
TN:
SF:src\shared\api\PokemonService.ts
FN:9,getPokemonList
FN:26,getPokemonById
FN:38,getPokemonByType
FN:54,extractIdFromUrl
FN:55,(anonymous_4)
FNF:5
FNH:5
FNDA:3,getPokemonList
FNDA:3,getPokemonById
FNDA:2,getPokemonByType
FNDA:3,extractIdFromUrl
FNDA:23,(anonymous_4)
DA:13,3
DA:14,3
DA:17,2
DA:20,1
DA:21,1
DA:27,3
DA:28,3
DA:29,2
DA:31,1
DA:32,1
DA:41,2
DA:42,2
DA:45,1
DA:47,1
DA:48,1
DA:55,23
DA:56,3
LF:17
LH:17
BRDA:10,0,0,2
BRDA:11,1,0,2
BRF:2
BRH:2
end_of_record
TN:
SF:src\shared\api\Types.ts
FN:112,isPokemonTypeName
FNF:1
FNH:0
FNDA:0,isPokemonTypeName
DA:18,1
DA:113,0
LF:2
LH:1
BRF:0
BRH:0
end_of_record
TN:
SF:src\shared\api\apiString.ts
FN:6,(anonymous_0)
FNF:1
FNH:1
FNDA:4,(anonymous_0)
DA:4,3
DA:7,4
LF:2
LH:2
BRF:0
BRH:0
end_of_record
TN:
SF:src\shared\api\client.ts
FN:7,(anonymous_0)
FN:14,(anonymous_1)
FN:23,(anonymous_2)
FN:42,createClient
FN:55,(anonymous_4)
FN:56,(anonymous_5)
FNF:6
FNH:4
FNDA:1,(anonymous_0)
FNDA:2,(anonymous_1)
FNDA:4,(anonymous_2)
FNDA:3,createClient
FNDA:0,(anonymous_4)
FNDA:0,(anonymous_5)
DA:8,1
DA:9,1
DA:15,2
DA:16,2
DA:24,4
DA:25,4
DA:26,4
DA:40,3
DA:43,3
DA:54,3
DA:55,0
DA:58,0
DA:59,0
DA:63,0
DA:64,0
DA:68,0
DA:78,3
DA:82,3
LF:18
LH:12
BRDA:58,0,0,0
BRDA:58,0,1,0
BRDA:63,1,0,0
BRDA:63,1,1,0
BRDA:71,2,0,0
BRDA:71,2,1,0
BRF:6
BRH:0
end_of_record
TN:
SF:src\shared\api\pokemonDetailService.ts
FN:8,parseStats
FN:9,(anonymous_1)
FN:17,parseAbilities
FN:18,(anonymous_3)
FN:26,parseSprites
FN:36,parseMoves
FN:37,(anonymous_6)
FN:49,parsePokemonDetail
FN:56,(anonymous_8)
FN:66,getPokemonDetail
FNF:10
FNH:10
FNDA:9,parseStats
FNDA:18,(anonymous_1)
FNDA:9,parseAbilities
FNDA:18,(anonymous_3)
FNDA:9,parseSprites
FNDA:9,parseMoves
FNDA:270,(anonymous_6)
FNDA:9,parsePokemonDetail
FNDA:9,(anonymous_8)
FNDA:3,getPokemonDetail
DA:9,18
DA:18,18
DA:27,9
DA:37,9
DA:39,270
DA:40,270
DA:50,9
DA:56,9
DA:67,3
DA:68,3
DA:69,2
DA:71,1
DA:72,1
LF:13
LH:13
BRDA:42,0,0,270
BRDA:42,0,1,0
BRDA:43,1,0,270
BRDA:43,1,1,0
BRDA:55,2,0,9
BRDA:55,2,1,1
BRF:6
BRH:4
end_of_record
TN:
SF:src\shared\ui\components\Card.tsx
FNF:0
FNH:0
DA:4,0
LF:1
LH:0
BRF:0
BRH:0
end_of_record
TN:
SF:src\shared\ui\components\Chip.tsx
FN:78,Chip
FNF:1
FNH:0
FNDA:0,Chip
DA:3,0
DA:53,0
DA:87,0
LF:3
LH:0
BRDA:81,0,0,0
BRDA:82,1,0,0
BRDA:83,2,0,0
BRDA:84,3,0,0
BRDA:94,4,0,0
BRDA:94,4,1,0
BRDA:99,5,0,0
BRDA:99,5,1,0
BRF:8
BRH:0
end_of_record
TN:
SF:src\shared\ui\components\ErrorMessage.tsx
FN:29,ErrorMessage
FNF:1
FNH:0
FNDA:0,ErrorMessage
DA:10,0
DA:34,0
DA:36,0
LF:3
LH:0
BRDA:30,0,0,0
BRDA:32,1,0,0
BRDA:57,2,0,0
BRDA:57,2,1,0
BRF:4
BRH:0
end_of_record
TN:
SF:src\shared\ui\components\LoadingSpinner.tsx
FN:25,LoadingSpinner
FN:33,(anonymous_1)
FN:43,(anonymous_2)
FNF:3
FNH:0
FNDA:0,LoadingSpinner
FNDA:0,(anonymous_1)
FNDA:0,(anonymous_2)
DA:6,0
DA:30,0
DA:31,0
DA:33,0
DA:34,0
DA:42,0
DA:43,0
DA:46,0
DA:51,0
LF:9
LH:0
BRDA:27,0,0,0
BRDA:28,1,0,0
BRDA:55,2,0,0
BRDA:55,2,1,0
BRDA:60,3,0,0
BRDA:60,3,1,0
BRF:6
BRH:0
end_of_record
TN:
SF:src\shared\ui\components\SearchInput.tsx
FN:42,SearchInput
FN:51,(anonymous_1)
FNF:2
FNH:0
FNDA:0,SearchInput
FNDA:0,(anonymous_1)
DA:11,0
DA:26,0
DA:48,0
DA:49,0
DA:51,0
DA:52,0
DA:55,0
LF:7
LH:0
BRDA:45,0,0,0
BRDA:67,1,0,0
BRDA:67,1,1,0
BRF:3
BRH:0
end_of_record
TN:
SF:src\shared\ui\components\button.tsx
FNF:0
FNH:0
DA:5,0
LF:1
LH:0
BRF:0
BRH:0
end_of_record
TN:
SF:src\shared\ui\tokens\colors.ts
FN:95,(anonymous_0)
FNF:1
FNH:0
FNDA:0,(anonymous_0)
DA:2,0
DA:14,0
DA:38,0
DA:56,0
DA:75,0
DA:92,0
DA:95,0
LF:7
LH:0
BRF:0
BRH:0
end_of_record
TN:
SF:src\shared\ui\tokens\radius.ts
FNF:0
FNH:0
DA:2,0
LF:1
LH:0
BRF:0
BRH:0
end_of_record
TN:
SF:src\shared\ui\tokens\sizes.ts
FNF:0
FNH:0
DA:2,0
LF:1
LH:0
BRF:0
BRH:0
end_of_record
TN:
SF:src\shared\ui\tokens\spacing.ts
FNF:0
FNH:0
DA:1,0
LF:1
LH:0
BRF:0
BRH:0
end_of_record
TN:
SF:src\shared\ui\tokens\typography.ts
FNF:0
FNH:0
DA:3,0
DA:13,0
DA:23,0
DA:31,0
LF:4
LH:0
BRF:0
BRH:0
end_of_record
